This file contains any messages produced by compilers while
running configure, to aid debugging if configure makes a mistake.

It was created by Mesk configure 0.3.99, which was
generated by GNU Autoconf 2.69.  Invocation command line was

  $ ./configure 

## --------- ##
## Platform. ##
## --------- ##

hostname = nobunny
uname -m = x86_64
uname -r = 3.3.8-gentoo
uname -s = Linux
uname -v = #3 SMP Sun May 26 16:38:07 MDT 2013

/usr/bin/uname -p = Intel(R) Core(TM) i7-2600 CPU @ 3.40GHz
/bin/uname -X     = unknown

/bin/arch              = unknown
/usr/bin/arch -k       = unknown
/usr/convex/getsysinfo = unknown
/usr/bin/hostinfo      = unknown
/bin/machine           = unknown
/usr/bin/oslevel       = unknown
/bin/universe          = unknown

PATH: /home/travis/.virtualenvs/mesk/bin
PATH: /home/travis/bin
PATH: /home/travis/scripts
PATH: /usr/bin
PATH: /bin
PATH: /usr/sbin
PATH: /sbin
PATH: /usr/local/bin
PATH: /usr/local/sbin
PATH: /opt/bin
PATH: .
PATH: /opt/oracle-jdk-bin-1.7.0.25/bin


## ----------- ##
## Core tests. ##
## ----------- ##

configure:1901: checking for pkg-config
configure:1919: found /usr/bin/pkg-config
configure:1931: result: /usr/bin/pkg-config
configure:1956: checking pkg-config is at least version 0.19
configure:1959: result: yes
configure:1967: checking whether make sets $(MAKE)
configure:1989: result: yes
configure:2012: checking for a BSD-compatible install
configure:2080: result: /usr/bin/install -c
configure:2099: checking for python
configure:2117: found /home/travis/.virtualenvs/mesk/bin/python
configure:2129: result: /home/travis/.virtualenvs/mesk/bin/python
configure:2143: checking if /home/travis/.virtualenvs/mesk/bin/python is version >= 2.7
configure:2180: result: yes
configure:2197: checking for eyeD3
configure:2237: result: no
configure:2239: error: eyeD3 >= 0.7.0 required.

## ---------------- ##
## Cache variables. ##
## ---------------- ##

ac_cv_env_PKG_CONFIG_LIBDIR_set=
ac_cv_env_PKG_CONFIG_LIBDIR_value=
ac_cv_env_PKG_CONFIG_PATH_set=
ac_cv_env_PKG_CONFIG_PATH_value=
ac_cv_env_PKG_CONFIG_set=
ac_cv_env_PKG_CONFIG_value=
ac_cv_env_build_alias_set=
ac_cv_env_build_alias_value=
ac_cv_env_dbus_CFLAGS_set=
ac_cv_env_dbus_CFLAGS_value=
ac_cv_env_dbus_LIBS_set=
ac_cv_env_dbus_LIBS_value=
ac_cv_env_dbusglib_CFLAGS_set=
ac_cv_env_dbusglib_CFLAGS_value=
ac_cv_env_dbusglib_LIBS_set=
ac_cv_env_dbusglib_LIBS_value=
ac_cv_env_gstpython_CFLAGS_set=
ac_cv_env_gstpython_CFLAGS_value=
ac_cv_env_gstpython_LIBS_set=
ac_cv_env_gstpython_LIBS_value=
ac_cv_env_hal_CFLAGS_set=
ac_cv_env_hal_CFLAGS_value=
ac_cv_env_hal_LIBS_set=
ac_cv_env_hal_LIBS_value=
ac_cv_env_host_alias_set=
ac_cv_env_host_alias_value=
ac_cv_env_librsvg_CFLAGS_set=
ac_cv_env_librsvg_CFLAGS_value=
ac_cv_env_librsvg_LIBS_set=
ac_cv_env_librsvg_LIBS_value=
ac_cv_env_pygtk_CFLAGS_set=
ac_cv_env_pygtk_CFLAGS_value=
ac_cv_env_pygtk_LIBS_set=
ac_cv_env_pygtk_LIBS_value=
ac_cv_env_target_alias_set=
ac_cv_env_target_alias_value=
ac_cv_path_PYTHON=/home/travis/.virtualenvs/mesk/bin/python
ac_cv_path_ac_pt_PKG_CONFIG=/usr/bin/pkg-config
ac_cv_path_install='/usr/bin/install -c'
ac_cv_prog_make_make_set=yes

## ----------------- ##
## Output variables. ##
## ----------------- ##

BUILD_DATE='Sun Jan  5 14:21:58 MST 2014'
DEFS=''
DISABLE_CDROM_SUPPORT=''
DISABLE_DBUS_SUPPORT=''
EBUILD_VERSION='0.3.99'
ECHO_C=''
ECHO_N='-n'
ECHO_T=''
INSTALL_DATA='${INSTALL} -m 644'
INSTALL_PREFIX='/usr/local/lib'
INSTALL_PROGRAM='${INSTALL}'
INSTALL_SCRIPT='${INSTALL}'
LIBOBJS=''
LIBS=''
LTLIBOBJS=''
MANPAGE_DATE='Jan. 05, 2014'
PACKAGE_BUGREPORT='Travis Shirk <travis@pobox.com>'
PACKAGE_CODENAME='TRUNK'
PACKAGE_NAME='Mesk'
PACKAGE_STRING='Mesk 0.3.99'
PACKAGE_TARNAME='mesk'
PACKAGE_URL=''
PACKAGE_VERSION='0.3.99'
PATH_SEPARATOR=':'
PKG_CONFIG='/usr/bin/pkg-config'
PKG_CONFIG_LIBDIR=''
PKG_CONFIG_PATH=''
PYTHON='/home/travis/.virtualenvs/mesk/bin/python'
PYTHON_VERSION='2.7'
SET_MAKE=''
SHELL='/bin/sh'
bindir='${exec_prefix}/bin'
build_alias=''
datadir='${datarootdir}'
datarootdir='${prefix}/share'
dbus_CFLAGS=''
dbus_LIBS=''
dbusglib_CFLAGS=''
dbusglib_LIBS=''
docdir='${datarootdir}/doc/${PACKAGE_TARNAME}'
dvidir='${docdir}'
exec_prefix='NONE'
gstpython_CFLAGS=''
gstpython_LIBS=''
hal_CFLAGS=''
hal_LIBS=''
have_eject=''
host_alias=''
htmldir='${docdir}'
includedir='${prefix}/include'
infodir='${datarootdir}/info'
libdir='${exec_prefix}/lib'
libexecdir='${exec_prefix}/libexec'
librsvg_CFLAGS=''
librsvg_LIBS=''
localedir='${datarootdir}/locale'
localstatedir='${prefix}/var'
mandir='${datarootdir}/man'
oldincludedir='/usr/include'
pdfdir='${docdir}'
prefix='NONE'
program_transform_name='s,x,x,'
psdir='${docdir}'
pygtk_CFLAGS=''
pygtk_LIBS=''
sbindir='${exec_prefix}/sbin'
sharedstatedir='${prefix}/com'
sysconfdir='${prefix}/etc'
target_alias=''

## ----------- ##
## confdefs.h. ##
## ----------- ##

/* confdefs.h */
#define PACKAGE_NAME "Mesk"
#define PACKAGE_TARNAME "mesk"
#define PACKAGE_VERSION "0.3.99"
#define PACKAGE_STRING "Mesk 0.3.99"
#define PACKAGE_BUGREPORT "Travis Shirk <travis@pobox.com>"
#define PACKAGE_URL ""

configure: exit 1
